<html>
<head>
<title>TestNG:  POC_Test2</title>
<link href="../testng.css" rel="stylesheet" type="text/css" />
<link href="../my-testng.css" rel="stylesheet" type="text/css" />

<style type="text/css">
.log { display: none;} 
.stack-trace { display: none;} 
</style>
<script type="text/javascript">
<!--
function flip(e) {
  current = e.style.display;
  if (current == 'block') {
    e.style.display = 'none';
    return 0;
  }
  else {
    e.style.display = 'block';
    return 1;
  }
}

function toggleBox(szDivId, elem, msg1, msg2)
{
  var res = -1;  if (document.getElementById) {
    res = flip(document.getElementById(szDivId));
  }
  else if (document.all) {
    // this is the way old msie versions work
    res = flip(document.all[szDivId]);
  }
  if(elem) {
    if(res == 0) elem.innerHTML = msg1; else elem.innerHTML = msg2;
  }

}

function toggleAllBoxes() {
  if (document.getElementsByTagName) {
    d = document.getElementsByTagName('div');
    for (i = 0; i < d.length; i++) {
      if (d[i].className == 'log') {
        flip(d[i]);
      }
    }
  }
}

// -->
</script>

</head>
<body>
<h2 align='center'>POC_Test2</h2><table border='1' align="center">
<tr>
<td>Tests passed/Failed/Skipped:</td><td>0/3/0</td>
</tr><tr>
<td>Started on:</td><td>Thu Oct 01 15:38:10 IST 2020</td>
</tr>
<tr><td>Total time:</td><td>247 seconds (247716 ms)</td>
</tr><tr>
<td>Included groups:</td><td></td>
</tr><tr>
<td>Excluded groups:</td><td></td>
</tr>
</table><p/>
<small><i>(Hover the method name to see the test class name)</i></small><p/>
<table width='100%' border='1' class='invocation-failed'>
<tr><td colspan='4' align='center'><b>FAILED TESTS</b></td></tr>
<tr><td><b>Test method</b></td>
<td width="30%"><b>Exception</b></td>
<td width="10%"><b>Time (seconds)</b></td>
<td><b>Instance</b></td>
</tr>
<tr>
<td title='com.tyss.acttime.scripts.CreateRequisition.createRequisition()'><b>createRequisition</b><br>Test class: com.tyss.acttime.scripts.CreateRequisition<br>Test method: Create Requisition<br>Parameters: Cust9088<br/>
<a href="#Output-1575279921" onClick='toggleBox("Output-1575279921", this, "Show output", "Hide output");'>Show output</a>

<a href="#Output-1575279921" onClick="toggleAllBoxes();">Show all outputs</a>
<div class='log' id="Output-1575279921">
Login To the App<br/>
Enter the value into User Name Text Box<br/>
Enter the value into Password Text Box<br/>
Verify Sign In Button is Clickable or Not<br/>
Verify Reports Tab is Clickable or Not<br/>
</div>
</td>
<td><div><pre>java.lang.AssertionError: expected [true] but found [false]
	at com.tyss.acttime.util.WebActionUtil.clickOnElementUsingJS(WebActionUtil.java:270)
	at com.tyss.actitime.pages.Task_Page.clkTaskTab(Task_Page.java:85)
	at com.tyss.acttime.scripts.CreateRequisition.createRequisition(CreateRequisition.java:28)
	at java.util.concurrent.FutureTask.run(Unknown Source)
	at java.util.concurrent.ThreadPoolExecutor.runWorker(Unknown Source)
	at java.util.concurrent.ThreadPoolExecutor$Worker.run(Unknown Source)
	at java.lang.Thread.run(Unknown Source)
... Removed 20 stack frames</pre></div><a href='#' onClick='toggleBox("stack-trace1575279921", this, "Click to show all stack frames", "Click to hide stack frames")'>Click to show all stack frames</a>
<div class='stack-trace' id='stack-trace1575279921'><pre>java.lang.AssertionError: expected [true] but found [false]
	at org.testng.Assert.fail(Assert.java:96)
	at org.testng.Assert.failNotEquals(Assert.java:776)
	at org.testng.Assert.assertTrue(Assert.java:44)
	at org.testng.Assert.assertTrue(Assert.java:54)
	at com.tyss.acttime.util.WebActionUtil.clickOnElementUsingJS(WebActionUtil.java:270)
	at com.tyss.actitime.pages.Task_Page.clkTaskTab(Task_Page.java:85)
	at com.tyss.acttime.scripts.CreateRequisition.createRequisition(CreateRequisition.java:28)
	at sun.reflect.NativeMethodAccessorImpl.invoke0(Native Method)
	at sun.reflect.NativeMethodAccessorImpl.invoke(Unknown Source)
	at sun.reflect.DelegatingMethodAccessorImpl.invoke(Unknown Source)
	at java.lang.reflect.Method.invoke(Unknown Source)
	at org.testng.internal.MethodInvocationHelper.invokeMethod(MethodInvocationHelper.java:124)
	at org.testng.internal.Invoker.invokeMethod(Invoker.java:583)
	at org.testng.internal.Invoker.invokeTestMethod(Invoker.java:719)
	at org.testng.internal.Invoker.invokeTestMethods(Invoker.java:989)
	at org.testng.internal.TestMethodWorker.invokeTestMethods(TestMethodWorker.java:125)
	at org.testng.internal.TestMethodWorker.run(TestMethodWorker.java:109)
	at org.testng.TestRunner.privateRun(TestRunner.java:648)
	at org.testng.TestRunner.run(TestRunner.java:505)
	at org.testng.SuiteRunner.runTest(SuiteRunner.java:455)
	at org.testng.SuiteRunner.access$000(SuiteRunner.java:40)
	at org.testng.SuiteRunner$SuiteWorker.run(SuiteRunner.java:489)
	at org.testng.internal.thread.ThreadUtil$1.call(ThreadUtil.java:52)
	at java.util.concurrent.FutureTask.run(Unknown Source)
	at java.util.concurrent.ThreadPoolExecutor.runWorker(Unknown Source)
	at java.util.concurrent.ThreadPoolExecutor$Worker.run(Unknown Source)
	at java.lang.Thread.run(Unknown Source)
</pre></div></td>
<td>40</td>
<td>com.tyss.acttime.scripts.CreateRequisition@306cf3ea</td></tr>
<tr>
<td title='com.tyss.acttime.scripts.CreateRequisition.createRequisition()'><b>createRequisition</b><br>Test class: com.tyss.acttime.scripts.CreateRequisition<br>Test method: Create Requisition<br>Parameters: Cust0865<br/>
<a href="#Output-325296056" onClick='toggleBox("Output-325296056", this, "Show output", "Hide output");'>Show output</a>

<a href="#Output-325296056" onClick="toggleAllBoxes();">Show all outputs</a>
<div class='log' id="Output-325296056">
Login To the App<br/>
Enter the value into User Name Text Box<br/>
 User is not able to type admininto User Name Text Box<br/>
</div>
</td>
<td><div><pre>java.lang.AssertionError: Unable to type in User Name Text Box
	at com.tyss.acttime.util.WebActionUtil.typeText(WebActionUtil.java:206)
	at com.tyss.actitime.pages.Login_Page.loginToApplication(Login_Page.java:41)
	at com.tyss.acttime.scripts.CreateRequisition.createRequisition(CreateRequisition.java:22)
	at java.util.concurrent.FutureTask.run(Unknown Source)
	at java.util.concurrent.ThreadPoolExecutor.runWorker(Unknown Source)
	at java.util.concurrent.ThreadPoolExecutor$Worker.run(Unknown Source)
	at java.lang.Thread.run(Unknown Source)
... Removed 17 stack frames</pre></div><a href='#' onClick='toggleBox("stack-trace325296056", this, "Click to show all stack frames", "Click to hide stack frames")'>Click to show all stack frames</a>
<div class='stack-trace' id='stack-trace325296056'><pre>java.lang.AssertionError: Unable to type in User Name Text Box
	at org.testng.Assert.fail(Assert.java:96)
	at com.tyss.acttime.util.WebActionUtil.typeText(WebActionUtil.java:206)
	at com.tyss.actitime.pages.Login_Page.loginToApplication(Login_Page.java:41)
	at com.tyss.acttime.scripts.CreateRequisition.createRequisition(CreateRequisition.java:22)
	at sun.reflect.NativeMethodAccessorImpl.invoke0(Native Method)
	at sun.reflect.NativeMethodAccessorImpl.invoke(Unknown Source)
	at sun.reflect.DelegatingMethodAccessorImpl.invoke(Unknown Source)
	at java.lang.reflect.Method.invoke(Unknown Source)
	at org.testng.internal.MethodInvocationHelper.invokeMethod(MethodInvocationHelper.java:124)
	at org.testng.internal.Invoker.invokeMethod(Invoker.java:583)
	at org.testng.internal.Invoker.invokeTestMethod(Invoker.java:719)
	at org.testng.internal.Invoker.invokeTestMethods(Invoker.java:989)
	at org.testng.internal.TestMethodWorker.invokeTestMethods(TestMethodWorker.java:125)
	at org.testng.internal.TestMethodWorker.run(TestMethodWorker.java:109)
	at org.testng.TestRunner.privateRun(TestRunner.java:648)
	at org.testng.TestRunner.run(TestRunner.java:505)
	at org.testng.SuiteRunner.runTest(SuiteRunner.java:455)
	at org.testng.SuiteRunner.access$000(SuiteRunner.java:40)
	at org.testng.SuiteRunner$SuiteWorker.run(SuiteRunner.java:489)
	at org.testng.internal.thread.ThreadUtil$1.call(ThreadUtil.java:52)
	at java.util.concurrent.FutureTask.run(Unknown Source)
	at java.util.concurrent.ThreadPoolExecutor.runWorker(Unknown Source)
	at java.util.concurrent.ThreadPoolExecutor$Worker.run(Unknown Source)
	at java.lang.Thread.run(Unknown Source)
</pre></div></td>
<td>10</td>
<td>com.tyss.acttime.scripts.CreateRequisition@306cf3ea</td></tr>
<tr>
<td title='com.tyss.acttime.scripts.CreateRequisition.createRequisition()'><b>createRequisition</b><br>Test class: com.tyss.acttime.scripts.CreateRequisition<br>Test method: Create Requisition<br>Parameters: Cust655<br/>
<a href="#Output-639141764" onClick='toggleBox("Output-639141764", this, "Show output", "Hide output");'>Show output</a>

<a href="#Output-639141764" onClick="toggleAllBoxes();">Show all outputs</a>
<div class='log' id="Output-639141764">
Login To the App<br/>
Enter the value into User Name Text Box<br/>
 User is not able to type admininto User Name Text Box<br/>
</div>
</td>
<td><div><pre>java.lang.AssertionError: Unable to type in User Name Text Box
	at com.tyss.acttime.util.WebActionUtil.typeText(WebActionUtil.java:206)
	at com.tyss.actitime.pages.Login_Page.loginToApplication(Login_Page.java:41)
	at com.tyss.acttime.scripts.CreateRequisition.createRequisition(CreateRequisition.java:22)
	at java.util.concurrent.FutureTask.run(Unknown Source)
	at java.util.concurrent.ThreadPoolExecutor.runWorker(Unknown Source)
	at java.util.concurrent.ThreadPoolExecutor$Worker.run(Unknown Source)
	at java.lang.Thread.run(Unknown Source)
... Removed 17 stack frames</pre></div><a href='#' onClick='toggleBox("stack-trace639141764", this, "Click to show all stack frames", "Click to hide stack frames")'>Click to show all stack frames</a>
<div class='stack-trace' id='stack-trace639141764'><pre>java.lang.AssertionError: Unable to type in User Name Text Box
	at org.testng.Assert.fail(Assert.java:96)
	at com.tyss.acttime.util.WebActionUtil.typeText(WebActionUtil.java:206)
	at com.tyss.actitime.pages.Login_Page.loginToApplication(Login_Page.java:41)
	at com.tyss.acttime.scripts.CreateRequisition.createRequisition(CreateRequisition.java:22)
	at sun.reflect.NativeMethodAccessorImpl.invoke0(Native Method)
	at sun.reflect.NativeMethodAccessorImpl.invoke(Unknown Source)
	at sun.reflect.DelegatingMethodAccessorImpl.invoke(Unknown Source)
	at java.lang.reflect.Method.invoke(Unknown Source)
	at org.testng.internal.MethodInvocationHelper.invokeMethod(MethodInvocationHelper.java:124)
	at org.testng.internal.Invoker.invokeMethod(Invoker.java:583)
	at org.testng.internal.Invoker.invokeTestMethod(Invoker.java:719)
	at org.testng.internal.Invoker.invokeTestMethods(Invoker.java:989)
	at org.testng.internal.TestMethodWorker.invokeTestMethods(TestMethodWorker.java:125)
	at org.testng.internal.TestMethodWorker.run(TestMethodWorker.java:109)
	at org.testng.TestRunner.privateRun(TestRunner.java:648)
	at org.testng.TestRunner.run(TestRunner.java:505)
	at org.testng.SuiteRunner.runTest(SuiteRunner.java:455)
	at org.testng.SuiteRunner.access$000(SuiteRunner.java:40)
	at org.testng.SuiteRunner$SuiteWorker.run(SuiteRunner.java:489)
	at org.testng.internal.thread.ThreadUtil$1.call(ThreadUtil.java:52)
	at java.util.concurrent.FutureTask.run(Unknown Source)
	at java.util.concurrent.ThreadPoolExecutor.runWorker(Unknown Source)
	at java.util.concurrent.ThreadPoolExecutor$Worker.run(Unknown Source)
	at java.lang.Thread.run(Unknown Source)
</pre></div></td>
<td>12</td>
<td>com.tyss.acttime.scripts.CreateRequisition@306cf3ea</td></tr>
</table><p>
</body>
</html>