<?xml version="1.0" encoding="UTF-8"?>
<!-- Generated by org.testng.reporters.JUnitXMLReporter -->
<testsuite hostname="LAPTOP-DUI2CR0P" ignored="0" name="POC_Test2" tests="3" failures="3" timestamp="01 Oct 2020 10:12:19 GMT" time="247.716" errors="0">
  <testcase name="createRequisition" time="40.712" classname="com.tyss.acttime.scripts.CreateRequisition">
    <failure type="java.lang.AssertionError" message="expected [true] but found [false]">
      <![CDATA[java.lang.AssertionError: expected [true] but found [false]
at com.tyss.acttime.util.WebActionUtil.clickOnElementUsingJS(WebActionUtil.java:270)
at com.tyss.actitime.pages.Task_Page.clkTaskTab(Task_Page.java:85)
at com.tyss.acttime.scripts.CreateRequisition.createRequisition(CreateRequisition.java:28)
at java.util.concurrent.FutureTask.run(Unknown Source)
at java.util.concurrent.ThreadPoolExecutor.runWorker(Unknown Source)
at java.util.concurrent.ThreadPoolExecutor$Worker.run(Unknown Source)
at java.lang.Thread.run(Unknown Source)
... Removed 20 stack frames]]>
    </failure>
  </testcase> <!-- createRequisition -->
  <testcase name="createRequisition" time="10.623" classname="com.tyss.acttime.scripts.CreateRequisition">
    <failure type="java.lang.AssertionError" message="Unable to type in User Name Text Box">
      <![CDATA[java.lang.AssertionError: Unable to type in User Name Text Box
at com.tyss.acttime.util.WebActionUtil.typeText(WebActionUtil.java:206)
at com.tyss.actitime.pages.Login_Page.loginToApplication(Login_Page.java:41)
at com.tyss.acttime.scripts.CreateRequisition.createRequisition(CreateRequisition.java:22)
at java.util.concurrent.FutureTask.run(Unknown Source)
at java.util.concurrent.ThreadPoolExecutor.runWorker(Unknown Source)
at java.util.concurrent.ThreadPoolExecutor$Worker.run(Unknown Source)
at java.lang.Thread.run(Unknown Source)
... Removed 17 stack frames]]>
    </failure>
  </testcase> <!-- createRequisition -->
  <testcase name="createRequisition" time="12.781" classname="com.tyss.acttime.scripts.CreateRequisition">
    <failure type="java.lang.AssertionError" message="Unable to type in User Name Text Box">
      <![CDATA[java.lang.AssertionError: Unable to type in User Name Text Box
at com.tyss.acttime.util.WebActionUtil.typeText(WebActionUtil.java:206)
at com.tyss.actitime.pages.Login_Page.loginToApplication(Login_Page.java:41)
at com.tyss.acttime.scripts.CreateRequisition.createRequisition(CreateRequisition.java:22)
at java.util.concurrent.FutureTask.run(Unknown Source)
at java.util.concurrent.ThreadPoolExecutor.runWorker(Unknown Source)
at java.util.concurrent.ThreadPoolExecutor$Worker.run(Unknown Source)
at java.lang.Thread.run(Unknown Source)
... Removed 17 stack frames]]>
    </failure>
  </testcase> <!-- createRequisition -->
</testsuite> <!-- POC_Test2 -->
